<?xml version="1.0" encoding="UTF-8"?>
<testng-results skipped="0" failed="0" ignored="0" total="0" passed="0">
  <reporter-output>
  </reporter-output>
  <suite name="phs.test.AppTest" duration-ms="16" started-at="2017-11-27T06:49:26Z" finished-at="2017-11-27T06:49:26Z">
    <groups>
    </groups>
    <test name="Command line test" duration-ms="16" started-at="2017-11-27T06:49:26Z" finished-at="2017-11-27T06:49:26Z">
    </test> <!-- Command line test -->
  </suite> <!-- phs.test.AppTest -->
</testng-results>
